<?xml version="1.0" encoding="UTF-8"?>
<!-- Generated by org.testng.reporters.JUnitReportReporter -->
<testsuite hostname="gk" failures="0" tests="1" name="com.api.tests.LoginAPITest" time="1.546" errors="0" timestamp="2025-08-16T12:53:19 IST" skipped="0">
  <testcase classname="com.api.tests.LoginAPITest" name="loginTest" time="1.546"/>
</testsuite> <!-- com.api.tests.LoginAPITest -->
