<?xml version="1.0" encoding="UTF-8"?>
<!-- Generated by org.testng.reporters.JUnitReportReporter -->
<testsuite hostname="gk" failures="0" tests="1" name="com.api.tests.GetProfileRequestTest" time="2.524" errors="0" timestamp="2025-08-17T17:00:09 IST" skipped="0">
  <testcase classname="com.api.tests.GetProfileRequestTest" name="getProfileInfoTest" time="2.524"/>
</testsuite> <!-- com.api.tests.GetProfileRequestTest -->
