<?xml version="1.0" encoding="UTF-8"?>
<!-- Generated by org.testng.reporters.JUnitReportReporter -->
<testsuite hostname="gk" failures="0" tests="1" name="com.api.tests.AccountCreationTest" time="2.397" errors="0" timestamp="2025-08-17T00:06:53 IST" skipped="0">
  <testcase classname="com.api.tests.AccountCreationTest" name="createAccountTest" time="2.397"/>
</testsuite> <!-- com.api.tests.AccountCreationTest -->
