<?xml version="1.0" encoding="UTF-8"?>
<!-- Generated by org.testng.reporters.JUnitReportReporter -->
<testsuite hostname="gk" failures="0" tests="1" name="com.api.tests.UpdateProfilePartiallyTest" time="2.700" errors="0" timestamp="2025-08-17T19:38:43 IST" skipped="0">
  <testcase classname="com.api.tests.UpdateProfilePartiallyTest" name="updateProfilePartiallyTest" time="2.700"/>
</testsuite> <!-- com.api.tests.UpdateProfilePartiallyTest -->
