<?xml version="1.0" encoding="UTF-8"?>
<!-- Generated by org.testng.reporters.JUnitReportReporter -->
<testsuite hostname="gk" failures="0" tests="1" name="com.api.tests.UpdateProfileTest" time="2.555" errors="0" timestamp="2025-08-17T19:24:43 IST" skipped="0">
  <testcase classname="com.api.tests.UpdateProfileTest" name="UpdateProfileTest" time="2.555"/>
</testsuite> <!-- com.api.tests.UpdateProfileTest -->
