<?xml version="1.0" encoding="UTF-8"?>
<!-- Generated by org.testng.reporters.JUnitReportReporter -->
<testsuite hostname="gk" failures="0" tests="1" name="com.api.tests.LoginAPITest" time="2.223" errors="0" timestamp="2025-08-15T21:51:47 IST" skipped="0">
  <testcase classname="com.api.tests.LoginAPITest" name="loginTest" time="2.223"/>
</testsuite> <!-- com.api.tests.LoginAPITest -->
