<?xml version="1.0" encoding="UTF-8"?>
<!-- Generated by org.testng.reporters.JUnitReportReporter -->
<testsuite hostname="gk" failures="0" tests="1" name="com.api.tests.ForgotPasswordTest" time="6.496" errors="0" timestamp="2025-08-17T15:58:44 IST" skipped="0">
  <testcase classname="com.api.tests.ForgotPasswordTest" name="forgotPasswordTest" time="6.496"/>
</testsuite> <!-- com.api.tests.ForgotPasswordTest -->
